<?xml version="1.0" encoding="UTF-8"?>
<!-- Generated by org.testng.reporters.JUnitXMLReporter -->
<testsuite ignored="0" hostname="AdrianaPC" failures="0" tests="3" name="Default test" time="54.749" errors="0" timestamp="2022-10-13T11:30:18 CDT">
  <testcase classname="test.TestCase" name="userShouldBeAbleToAddACategory" time="10.304"/>
  <testcase classname="test.TestCase" name="userShouldNotBeAbleToAddADuplicatedCategory" time="4.614"/>
  <testcase classname="test.TestCase" name="dropdownListShouldHaveAllMonths" time="2.185"/>
</testsuite> <!-- Default test -->
