<?xml version="1.0" encoding="UTF-8"?>
<testng-results ignored="0" total="3" passed="3" failed="0" skipped="0">
  <reporter-output>
  </reporter-output>
  <suite started-at="2022-10-13T11:29:24 CDT" name="Default suite" finished-at="2022-10-13T11:30:18 CDT" duration-ms="54749">
    <groups>
    </groups>
    <test started-at="2022-10-13T11:29:24 CDT" name="Default test" finished-at="2022-10-13T11:30:18 CDT" duration-ms="54749">
      <class name="test.TestCase">
        <test-method is-config="true" signature="runEverything()[pri:0, instance:test.TestCase@2cd2a21f]" started-at="2022-10-13T11:29:24 CDT" name="runEverything" finished-at="2022-10-13T11:29:26 CDT" duration-ms="2180" status="PASS">
          <reporter-output>
          </reporter-output>
        </test-method> <!-- runEverything -->
        <test-method signature="userShouldBeAbleToAddACategory()[pri:1, instance:test.TestCase@2cd2a21f]" started-at="2022-10-13T11:29:26 CDT" name="userShouldBeAbleToAddACategory" finished-at="2022-10-13T11:29:36 CDT" duration-ms="10304" status="PASS">
          <reporter-output>
          </reporter-output>
        </test-method> <!-- userShouldBeAbleToAddACategory -->
        <test-method is-config="true" signature="tearDown()[pri:0, instance:test.TestCase@2cd2a21f]" started-at="2022-10-13T11:29:36 CDT" name="tearDown" finished-at="2022-10-13T11:29:36 CDT" duration-ms="182" status="PASS">
          <reporter-output>
          </reporter-output>
        </test-method> <!-- tearDown -->
        <test-method is-config="true" signature="runEverything()[pri:0, instance:test.TestCase@2cd2a21f]" started-at="2022-10-13T11:29:36 CDT" name="runEverything" finished-at="2022-10-13T11:29:38 CDT" duration-ms="1341" status="PASS">
          <reporter-output>
          </reporter-output>
        </test-method> <!-- runEverything -->
        <test-method signature="userShouldNotBeAbleToAddADuplicatedCategory()[pri:2, instance:test.TestCase@2cd2a21f]" started-at="2022-10-13T11:29:38 CDT" name="userShouldNotBeAbleToAddADuplicatedCategory" finished-at="2022-10-13T11:29:42 CDT" duration-ms="4614" status="PASS">
          <reporter-output>
          </reporter-output>
        </test-method> <!-- userShouldNotBeAbleToAddADuplicatedCategory -->
        <test-method is-config="true" signature="tearDown()[pri:0, instance:test.TestCase@2cd2a21f]" started-at="2022-10-13T11:29:42 CDT" name="tearDown" finished-at="2022-10-13T11:29:59 CDT" duration-ms="16316" status="PASS">
          <reporter-output>
          </reporter-output>
        </test-method> <!-- tearDown -->
        <test-method is-config="true" signature="runEverything()[pri:0, instance:test.TestCase@2cd2a21f]" started-at="2022-10-13T11:29:59 CDT" name="runEverything" finished-at="2022-10-13T11:30:00 CDT" duration-ms="1243" status="PASS">
          <reporter-output>
          </reporter-output>
        </test-method> <!-- runEverything -->
        <test-method signature="dropdownListShouldHaveAllMonths()[pri:3, instance:test.TestCase@2cd2a21f]" started-at="2022-10-13T11:30:00 CDT" name="dropdownListShouldHaveAllMonths" finished-at="2022-10-13T11:30:02 CDT" duration-ms="2185" status="PASS">
          <reporter-output>
          </reporter-output>
        </test-method> <!-- dropdownListShouldHaveAllMonths -->
        <test-method is-config="true" signature="tearDown()[pri:0, instance:test.TestCase@2cd2a21f]" started-at="2022-10-13T11:30:02 CDT" name="tearDown" finished-at="2022-10-13T11:30:18 CDT" duration-ms="16344" status="PASS">
          <reporter-output>
          </reporter-output>
        </test-method> <!-- tearDown -->
      </class> <!-- test.TestCase -->
    </test> <!-- Default test -->
  </suite> <!-- Default suite -->
</testng-results>
